Using pre-set license
Built from '2020.3/staging' branch; Version is '2020.3.4f1 (0abb6314276a) revision 703331'; Using compiler version '192528614'; Build Type 'Release'
OS: 'Windows 10 Enterprise LTSC 2019 Evaluation; OS build 17763.2029; Version 1809; 64bit' Language: 'en' Physical Memory: 8136 MB
BatchMode: 1, IsHumanControllingUs: 0, StartBugReporterOnCrash: 0, Is64bit: 1, IsPro: 0

 COMMAND LINE ARGUMENTS:
C:\Program Files\Unity\Hub\Editor\2020.3.4f1\Editor\Unity.exe
-adb2
-batchMode
-noUpm
-name
AssetImportWorker3
-projectPath
C:/GamesByMy/CardByCard/unity/Lacto
-logFile
Logs/AssetImportWorker3.log
-srvPort
55141
Successfully changed project path to: C:/GamesByMy/CardByCard/unity/Lacto
C:/GamesByMy/CardByCard/unity/Lacto
Using Asset Import Pipeline V2.
Refreshing native plugins compatible for Editor in 43.28 ms, found 0 plugins.
Preloading 0 native plugins for Editor in 0.00 ms.
Initialize engine version: 2020.3.4f1 (0abb6314276a)
[Subsystems] Discovering subsystems at path C:/Program Files/Unity/Hub/Editor/2020.3.4f1/Editor/Data/Resources/UnitySubsystems
[Subsystems] Discovering subsystems at path C:/GamesByMy/CardByCard/unity/Lacto/Assets
GfxDevice: creating device client; threaded=0
Direct3D:
    Version:  Direct3D 11.0 [level 11.0]
    Renderer: NVIDIA GeForce GTX 750 Ti (ID=0x1380)
    Vendor:   
    VRAM:     2007 MB
    Driver:   27.21.14.5671
Initialize mono
Mono path[0] = 'C:/Program Files/Unity/Hub/Editor/2020.3.4f1/Editor/Data/Managed'
Mono path[1] = 'C:/Program Files/Unity/Hub/Editor/2020.3.4f1/Editor/Data/MonoBleedingEdge/lib/mono/unityjit'
Mono config path = 'C:/Program Files/Unity/Hub/Editor/2020.3.4f1/Editor/Data/MonoBleedingEdge/etc'
Using monoOptions --debugger-agent=transport=dt_socket,embedding=1,server=y,suspend=n,address=127.0.0.1:56652
Begin MonoManager ReloadAssembly
Registering precompiled unity dll's ...
Register platform support module: C:/Program Files/Unity/Hub/Editor/2020.3.4f1/Editor/Data/PlaybackEngines/WebGLSupport/UnityEditor.WebGL.Extensions.dll
Register platform support module: C:/Program Files/Unity/Hub/Editor/2020.3.4f1/Editor/Data/PlaybackEngines/MacStandaloneSupport/UnityEditor.OSXStandalone.Extensions.dll
Register platform support module: C:/Program Files/Unity/Hub/Editor/2020.3.4f1/Editor/Data/PlaybackEngines/WindowsStandaloneSupport/UnityEditor.WindowsStandalone.Extensions.dll
Register platform support module: C:/Program Files/Unity/Hub/Editor/2020.3.4f1/Editor/Data/PlaybackEngines/LinuxStandaloneSupport/UnityEditor.LinuxStandalone.Extensions.dll
Registered in 0.003419 seconds.
Native extension for LinuxStandalone target not found
Native extension for WindowsStandalone target not found
Native extension for OSXStandalone target not found
Native extension for WebGL target not found
Refreshing native plugins compatible for Editor in 45.75 ms, found 0 plugins.
Preloading 0 native plugins for Editor in 0.00 ms.
Mono: successfully reloaded assembly
- Completed reload, in  3.546 seconds
Platform modules already initialized, skipping
Registering precompiled user dll's ...
Registered in 0.003280 seconds.
Begin MonoManager ReloadAssembly
Native extension for LinuxStandalone target not found
Native extension for WindowsStandalone target not found
Native extension for OSXStandalone target not found
Native extension for WebGL target not found
Refreshing native plugins compatible for Editor in 0.37 ms, found 0 plugins.
Preloading 0 native plugins for Editor in 0.00 ms.
Mono: successfully reloaded assembly
- Completed reload, in  2.450 seconds
Platform modules already initialized, skipping
========================================================================
Worker process is ready to serve import requests
Launched and connected shader compiler UnityShaderCompiler.exe after 0.14 seconds
Refreshing native plugins compatible for Editor in 0.38 ms, found 0 plugins.
Preloading 0 native plugins for Editor in 0.00 ms.
Unloading 1210 Unused Serialized files (Serialized files now loaded: 0)
System memory in use before: 64.1 MB.
System memory in use after: 64.1 MB.

Unloading 17 unused Assets to reduce memory usage. Loaded Objects now: 1686.
Total: 3.164900 ms (FindLiveObjects: 0.350900 ms CreateObjectMapping: 0.429700 ms MarkObjects: 2.152900 ms  DeleteObjects: 0.230100 ms)

========================================================================
Received Import Request.
  path: Assets/Sprites/bignose_1.png
  artifactKey: Guid(1c804b9c35fe993498d6578181766ec0) Importer(815301076,1909f56bfc062723c751e8b465ee728b)
Start importing Assets/Sprites/bignose_1.png using Guid(1c804b9c35fe993498d6578181766ec0) Importer(815301076,1909f56bfc062723c751e8b465ee728b)  -> (artifact id: '76c8c948530c38b7c704e22d241b4b4f') in 1.882471 seconds
  Import took 1.885382 seconds .

========================================================================
Received Import Request.
  Time since last request: 0.003673 seconds.
  path: Assets/Sprites/bignose_2.png
  artifactKey: Guid(a2697a37a30173f4681acbba6948975c) Importer(815301076,1909f56bfc062723c751e8b465ee728b)
Start importing Assets/Sprites/bignose_2.png using Guid(a2697a37a30173f4681acbba6948975c) Importer(815301076,1909f56bfc062723c751e8b465ee728b)  -> (artifact id: '39e26bec611865ee7b089f19f6bf4044') in 0.010868 seconds
  Import took 0.014337 seconds .

========================================================================
Received Import Request.
  Time since last request: 1000.049581 seconds.
  path: Assets/Sprites/pterodactyl_1.png
  artifactKey: Guid(bc7f8f045d18e174b896f26bbb361608) Importer(815301076,1909f56bfc062723c751e8b465ee728b)
Start importing Assets/Sprites/pterodactyl_1.png using Guid(bc7f8f045d18e174b896f26bbb361608) Importer(815301076,1909f56bfc062723c751e8b465ee728b)  -> (artifact id: '87a57189c0242910405dd4ce0986e54c') in 0.035337 seconds
  Import took 0.038471 seconds .

========================================================================
Received Import Request.
  Time since last request: 15.116870 seconds.
  path: Assets/Sprites/pterodactyl_1.png
  artifactKey: Guid(bc7f8f045d18e174b896f26bbb361608) Importer(815301076,1909f56bfc062723c751e8b465ee728b)
Start importing Assets/Sprites/pterodactyl_1.png using Guid(bc7f8f045d18e174b896f26bbb361608) Importer(815301076,1909f56bfc062723c751e8b465ee728b)  -> (artifact id: 'f93a93a3583ade33c8c47ae7d04594d6') in 0.010884 seconds
  Import took 0.014470 seconds .

========================================================================
Received Prepare
Registering precompiled user dll's ...
Registered in 0.003129 seconds.
Begin MonoManager ReloadAssembly
Native extension for LinuxStandalone target not found
Native extension for WindowsStandalone target not found
Native extension for OSXStandalone target not found
Native extension for WebGL target not found
Refreshing native plugins compatible for Editor in 0.40 ms, found 0 plugins.
Preloading 0 native plugins for Editor in 0.00 ms.
Mono: successfully reloaded assembly
- Completed reload, in  1.201 seconds
Platform modules already initialized, skipping
Refreshing native plugins compatible for Editor in 0.39 ms, found 0 plugins.
Preloading 0 native plugins for Editor in 0.00 ms.
Unloading 1205 Unused Serialized files (Serialized files now loaded: 0)
System memory in use before: 65.8 MB.
System memory in use after: 65.8 MB.

Unloading 13 unused Assets to reduce memory usage. Loaded Objects now: 1716.
Total: 2.002100 ms (FindLiveObjects: 0.161100 ms CreateObjectMapping: 0.057000 ms MarkObjects: 1.673400 ms  DeleteObjects: 0.109400 ms)

========================================================================
Received Import Request.
  Time since last request: 868.618038 seconds.
  path: Assets/Sprites/along_1.png
  artifactKey: Guid(cf69490f90035994aa8f9ca43622fec8) Importer(815301076,1909f56bfc062723c751e8b465ee728b)
Start importing Assets/Sprites/along_1.png using Guid(cf69490f90035994aa8f9ca43622fec8) Importer(815301076,1909f56bfc062723c751e8b465ee728b)  -> (artifact id: '792f9cd2a6622bd6ec1e10d85f285844') in 0.053041 seconds
  Import took 0.056240 seconds .

========================================================================
Received Import Request.
  Time since last request: 0.000247 seconds.
  path: Assets/Sprites/man_2.png
  artifactKey: Guid(79e69d2862fb73345826f41f5473ab05) Importer(815301076,1909f56bfc062723c751e8b465ee728b)
Start importing Assets/Sprites/man_2.png using Guid(79e69d2862fb73345826f41f5473ab05) Importer(815301076,1909f56bfc062723c751e8b465ee728b)  -> (artifact id: '1430e733ae1f1bffc0e9362db0e07156') in 0.006541 seconds
  Import took 0.008977 seconds .

========================================================================
Received Import Request.
  Time since last request: 0.000238 seconds.
  path: Assets/Sprites/along_2.png
  artifactKey: Guid(baa3c368e97a49a40925dc9c87833476) Importer(815301076,1909f56bfc062723c751e8b465ee728b)
Start importing Assets/Sprites/along_2.png using Guid(baa3c368e97a49a40925dc9c87833476) Importer(815301076,1909f56bfc062723c751e8b465ee728b)  -> (artifact id: '91f97f2e7340d2a937fecad9972d3092') in 0.007821 seconds
  Import took 0.010489 seconds .

========================================================================
Received Import Request.
  Time since last request: 0.000238 seconds.
  path: Assets/Sprites/along_3.png
  artifactKey: Guid(e498226da35da0949829cbc0337a2be6) Importer(815301076,1909f56bfc062723c751e8b465ee728b)
Start importing Assets/Sprites/along_3.png using Guid(e498226da35da0949829cbc0337a2be6) Importer(815301076,1909f56bfc062723c751e8b465ee728b)  -> (artifact id: 'cc84970e80bc37f496c7122ab65ce9ae') in 0.005603 seconds
  Import took 0.007957 seconds .

========================================================================
Received Import Request.
  Time since last request: 0.000251 seconds.
  path: Assets/Sprites/along_1.png
  artifactKey: Guid(cf69490f90035994aa8f9ca43622fec8) Importer(815301076,1909f56bfc062723c751e8b465ee728b)
Start importing Assets/Sprites/along_1.png using Guid(cf69490f90035994aa8f9ca43622fec8) Importer(815301076,1909f56bfc062723c751e8b465ee728b)  -> (artifact id: '792f9cd2a6622bd6ec1e10d85f285844') in 0.006295 seconds
  Import took 0.008954 seconds .

========================================================================
Received Import Request.
  Time since last request: 0.000239 seconds.
  path: Assets/Sprites/man_1.png
  artifactKey: Guid(70a5e9506acc4404da067bf1818e6d31) Importer(815301076,1909f56bfc062723c751e8b465ee728b)
Start importing Assets/Sprites/man_1.png using Guid(70a5e9506acc4404da067bf1818e6d31) Importer(815301076,1909f56bfc062723c751e8b465ee728b)  -> (artifact id: '85eb91117c4ddcd74302557f61dfe998') in 0.006464 seconds
  Import took 0.009737 seconds .

========================================================================
Received Import Request.
  Time since last request: 10.079170 seconds.
  path: Assets/Sprites/along_1.png
  artifactKey: Guid(cf69490f90035994aa8f9ca43622fec8) Importer(815301076,1909f56bfc062723c751e8b465ee728b)
Start importing Assets/Sprites/along_1.png using Guid(cf69490f90035994aa8f9ca43622fec8) Importer(815301076,1909f56bfc062723c751e8b465ee728b)  -> (artifact id: '23dac68b9b6cb7b42a0968cc59e0dde9') in 0.043352 seconds
  Import took 0.045921 seconds .

========================================================================
Received Import Request.
  Time since last request: 0.000223 seconds.
  path: Assets/Sprites/man_2.png
  artifactKey: Guid(79e69d2862fb73345826f41f5473ab05) Importer(815301076,1909f56bfc062723c751e8b465ee728b)
Start importing Assets/Sprites/man_2.png using Guid(79e69d2862fb73345826f41f5473ab05) Importer(815301076,1909f56bfc062723c751e8b465ee728b)  -> (artifact id: '33b09381d5732a8ba198329dceeb8ffd') in 0.010777 seconds
  Import took 0.013669 seconds .

========================================================================
Received Import Request.
  Time since last request: 0.000134 seconds.
  path: Assets/Sprites/along_2.png
  artifactKey: Guid(baa3c368e97a49a40925dc9c87833476) Importer(815301076,1909f56bfc062723c751e8b465ee728b)
Start importing Assets/Sprites/along_2.png using Guid(baa3c368e97a49a40925dc9c87833476) Importer(815301076,1909f56bfc062723c751e8b465ee728b)  -> (artifact id: 'b8eaeddf99da99fa0996ea33413b6d64') in 0.014416 seconds
  Import took 0.018219 seconds .

========================================================================
Received Import Request.
  Time since last request: 0.000774 seconds.
  path: Assets/Sprites/along_3.png
  artifactKey: Guid(e498226da35da0949829cbc0337a2be6) Importer(815301076,1909f56bfc062723c751e8b465ee728b)
Start importing Assets/Sprites/along_3.png using Guid(e498226da35da0949829cbc0337a2be6) Importer(815301076,1909f56bfc062723c751e8b465ee728b)  -> (artifact id: 'd34bb5cd4586f6c2bc0b4acda1a4454a') in 0.016327 seconds
  Import took 0.019736 seconds .

========================================================================
Received Import Request.
  Time since last request: 0.000205 seconds.
  path: Assets/Sprites/man_1.png
  artifactKey: Guid(70a5e9506acc4404da067bf1818e6d31) Importer(815301076,1909f56bfc062723c751e8b465ee728b)
Start importing Assets/Sprites/man_1.png using Guid(70a5e9506acc4404da067bf1818e6d31) Importer(815301076,1909f56bfc062723c751e8b465ee728b)  -> (artifact id: '36b3617276676e2b12fd1a40c54ef001') in 0.011069 seconds
  Import took 0.013549 seconds .

========================================================================
Received Import Request.
  Time since last request: 85.553848 seconds.
  path: Assets/Invector-3rdPersonController_LITE/Prefabs/ThirdPersonController_LITE.prefab
  artifactKey: Guid(fc9b148a2950aaf4cba8422632222c5d) Importer(815301076,1909f56bfc062723c751e8b465ee728b)
Start importing Assets/Invector-3rdPersonController_LITE/Prefabs/ThirdPersonController_LITE.prefab using Guid(fc9b148a2950aaf4cba8422632222c5d) Importer(815301076,1909f56bfc062723c751e8b465ee728b)  -> (artifact id: 'a1a437145d0a3ee329c1e46cfb7c9f93') in 1.824999 seconds
  Import took 1.833187 seconds .

========================================================================
Received Import Request.
  Time since last request: 0.000223 seconds.
  path: Assets/Invector-3rdPersonController_LITE/Prefabs/vThirdPersonCamera_LITE.prefab
  artifactKey: Guid(330efb0e9eed825408809c121441b8a5) Importer(815301076,1909f56bfc062723c751e8b465ee728b)
Start importing Assets/Invector-3rdPersonController_LITE/Prefabs/vThirdPersonCamera_LITE.prefab using Guid(330efb0e9eed825408809c121441b8a5) Importer(815301076,1909f56bfc062723c751e8b465ee728b)  -> (artifact id: 'fc76d3398e441b274e1a2ad154268e41') in 0.007232 seconds
  Import took 0.009932 seconds .

========================================================================
Received Prepare
Registering precompiled user dll's ...
Registered in 0.003151 seconds.
Begin MonoManager ReloadAssembly
Native extension for LinuxStandalone target not found
Native extension for WindowsStandalone target not found
Native extension for OSXStandalone target not found
Native extension for WebGL target not found
Refreshing native plugins compatible for Editor in 0.40 ms, found 0 plugins.
Preloading 0 native plugins for Editor in 0.00 ms.
Mono: successfully reloaded assembly
- Completed reload, in  1.142 seconds
Platform modules already initialized, skipping
Refreshing native plugins compatible for Editor in 0.40 ms, found 0 plugins.
Preloading 0 native plugins for Editor in 0.00 ms.
Unloading 1205 Unused Serialized files (Serialized files now loaded: 0)
System memory in use before: 79.6 MB.
System memory in use after: 79.6 MB.

Unloading 13 unused Assets to reduce memory usage. Loaded Objects now: 1724.
Total: 2.055300 ms (FindLiveObjects: 0.162000 ms CreateObjectMapping: 0.058700 ms MarkObjects: 1.734600 ms  DeleteObjects: 0.098400 ms)

========================================================================
Received Prepare
Registering precompiled user dll's ...
Registered in 0.003065 seconds.
Begin MonoManager ReloadAssembly
Native extension for LinuxStandalone target not found
Native extension for WindowsStandalone target not found
Native extension for OSXStandalone target not found
Native extension for WebGL target not found
Refreshing native plugins compatible for Editor in 0.43 ms, found 0 plugins.
Preloading 0 native plugins for Editor in 0.00 ms.
Mono: successfully reloaded assembly
- Completed reload, in  1.343 seconds
Platform modules already initialized, skipping
Refreshing native plugins compatible for Editor in 0.69 ms, found 0 plugins.
Preloading 0 native plugins for Editor in 0.00 ms.
Unloading 1205 Unused Serialized files (Serialized files now loaded: 0)
System memory in use before: 79.6 MB.
System memory in use after: 79.6 MB.

Unloading 13 unused Assets to reduce memory usage. Loaded Objects now: 1727.
Total: 2.981900 ms (FindLiveObjects: 0.369500 ms CreateObjectMapping: 0.134300 ms MarkObjects: 2.061100 ms  DeleteObjects: 0.112100 ms)

========================================================================
Received Prepare
Registering precompiled user dll's ...
Registered in 0.003302 seconds.
Begin MonoManager ReloadAssembly
Native extension for LinuxStandalone target not found
Native extension for WindowsStandalone target not found
Native extension for OSXStandalone target not found
Native extension for WebGL target not found
Refreshing native plugins compatible for Editor in 0.40 ms, found 0 plugins.
Preloading 0 native plugins for Editor in 0.00 ms.
Mono: successfully reloaded assembly
- Completed reload, in  1.350 seconds
Platform modules already initialized, skipping
Refreshing native plugins compatible for Editor in 0.45 ms, found 0 plugins.
Preloading 0 native plugins for Editor in 0.00 ms.
Unloading 1205 Unused Serialized files (Serialized files now loaded: 0)
System memory in use before: 79.6 MB.
System memory in use after: 79.7 MB.

Unloading 13 unused Assets to reduce memory usage. Loaded Objects now: 1730.
Total: 2.630300 ms (FindLiveObjects: 0.228700 ms CreateObjectMapping: 0.130300 ms MarkObjects: 2.156300 ms  DeleteObjects: 0.113700 ms)

========================================================================
Received Import Request.
  Time since last request: 947.953092 seconds.
  path: Assets/New Terrain.asset
  artifactKey: Guid(e4a153cbdc46e9547bf6431fda71c278) Importer(815301076,1909f56bfc062723c751e8b465ee728b)
Start importing Assets/New Terrain.asset using Guid(e4a153cbdc46e9547bf6431fda71c278) Importer(815301076,1909f56bfc062723c751e8b465ee728b)  -> (artifact id: '6719ee7892043768311ce82f46c9b1cd') in 0.081244 seconds
  Import took 0.084753 seconds .

========================================================================
Received Prepare
Registering precompiled user dll's ...
Registered in 0.002878 seconds.
Begin MonoManager ReloadAssembly
Native extension for LinuxStandalone target not found
Native extension for WindowsStandalone target not found
Native extension for OSXStandalone target not found
Native extension for WebGL target not found
Refreshing native plugins compatible for Editor in 0.45 ms, found 0 plugins.
Preloading 0 native plugins for Editor in 0.00 ms.
Mono: successfully reloaded assembly
- Completed reload, in  1.117 seconds
Platform modules already initialized, skipping
Refreshing native plugins compatible for Editor in 0.47 ms, found 0 plugins.
Preloading 0 native plugins for Editor in 0.00 ms.
Unloading 1187 Unused Serialized files (Serialized files now loaded: 0)
System memory in use before: 80.2 MB.
System memory in use after: 79.7 MB.

Unloading 24 unused Assets to reduce memory usage. Loaded Objects now: 1725.
Total: 2.810000 ms (FindLiveObjects: 0.259400 ms CreateObjectMapping: 0.106500 ms MarkObjects: 1.839400 ms  DeleteObjects: 0.603500 ms)

========================================================================
Received Import Request.
  Time since last request: 6.681754 seconds.
  path: Assets/TerrainData_6d7f412d-d262-4707-9372-1f0b18a6115a.asset
  artifactKey: Guid(9978531d38f8d9942b482d0ded8649ad) Importer(815301076,1909f56bfc062723c751e8b465ee728b)
Start importing Assets/TerrainData_6d7f412d-d262-4707-9372-1f0b18a6115a.asset using Guid(9978531d38f8d9942b482d0ded8649ad) Importer(815301076,1909f56bfc062723c751e8b465ee728b)  -> (artifact id: '87eded9199c4f96e07b7a7198e73ea4a') in 0.022667 seconds
  Import took 0.025411 seconds .

========================================================================
Received Import Request.
  Time since last request: 0.000316 seconds.
  path: Assets/TerrainData_fd9c713e-a994-4b0f-a146-ef12bf83d09e.asset
  artifactKey: Guid(2de0c0ef032d9ab4c8f2eaec9a7efe40) Importer(815301076,1909f56bfc062723c751e8b465ee728b)
Start importing Assets/TerrainData_fd9c713e-a994-4b0f-a146-ef12bf83d09e.asset using Guid(2de0c0ef032d9ab4c8f2eaec9a7efe40) Importer(815301076,1909f56bfc062723c751e8b465ee728b)  -> (artifact id: '69a18bb83e0065a4adcea5e2203f2a64') in 0.008761 seconds
  Import took 0.011124 seconds .

========================================================================
Received Import Request.
  Time since last request: 0.000118 seconds.
  path: Assets/TerrainData_8839cd32-c4f0-4f82-ad78-35b0f40634a4.asset
  artifactKey: Guid(5638055f080433d40b83182fc174bf33) Importer(815301076,1909f56bfc062723c751e8b465ee728b)
Start importing Assets/TerrainData_8839cd32-c4f0-4f82-ad78-35b0f40634a4.asset using Guid(5638055f080433d40b83182fc174bf33) Importer(815301076,1909f56bfc062723c751e8b465ee728b)  -> (artifact id: '06029710135037bae015e0a72311120b') in 0.008940 seconds
  Import took 0.011622 seconds .

========================================================================
Received Import Request.
  Time since last request: 0.000246 seconds.
  path: Assets/TerrainData_b26139ba-3fe2-48a4-bcf0-c2931ddeb33c.asset
  artifactKey: Guid(48196a2cb5f20ef438f750a4d4e0209b) Importer(815301076,1909f56bfc062723c751e8b465ee728b)
Start importing Assets/TerrainData_b26139ba-3fe2-48a4-bcf0-c2931ddeb33c.asset using Guid(48196a2cb5f20ef438f750a4d4e0209b) Importer(815301076,1909f56bfc062723c751e8b465ee728b)  -> (artifact id: 'dfe95866fa0639bf67665c0566540c7e') in 0.008377 seconds
  Import took 0.011219 seconds .

========================================================================
Received Prepare
Registering precompiled user dll's ...
Registered in 0.004079 seconds.
Begin MonoManager ReloadAssembly
Native extension for LinuxStandalone target not found
Native extension for WindowsStandalone target not found
Native extension for OSXStandalone target not found
Native extension for WebGL target not found
Refreshing native plugins compatible for Editor in 0.39 ms, found 0 plugins.
Preloading 0 native plugins for Editor in 0.00 ms.
[ScriptCompilation] NOT recompiling all scripts because this is an import worker process. Reason to compile was: Define symbols changed
NullReferenceException: Object reference not set to an instance of an object
  at StarterAssets.PackageChecker.CheckPackage () [0x001c2] in C:\GamesByMy\CardByCard\unity\Lacto\Assets\StarterAssets\Editor\PackageChecker\PackageChecker.cs:105 

(Filename: Assets/StarterAssets/Editor/PackageChecker/PackageChecker.cs Line: 105)

Mono: successfully reloaded assembly
- Completed reload, in  1.647 seconds
Platform modules already initialized, skipping
Refreshing native plugins compatible for Editor in 1.26 ms, found 0 plugins.
Preloading 0 native plugins for Editor in 0.00 ms.
Unloading 1203 Unused Serialized files (Serialized files now loaded: 0)
System memory in use before: 81.7 MB.
System memory in use after: 80.4 MB.

Unloading 17 unused Assets to reduce memory usage. Loaded Objects now: 1742.
Total: 3.236000 ms (FindLiveObjects: 0.161300 ms CreateObjectMapping: 0.055000 ms MarkObjects: 1.689000 ms  DeleteObjects: 1.329000 ms)

========================================================================
Received Prepare
Registering precompiled user dll's ...
Registered in 0.003030 seconds.
Begin MonoManager ReloadAssembly
Native extension for LinuxStandalone target not found
Native extension for WindowsStandalone target not found
Native extension for OSXStandalone target not found
Native extension for WebGL target not found
Refreshing native plugins compatible for Editor in 0.44 ms, found 0 plugins.
Preloading 0 native plugins for Editor in 0.00 ms.
Mono: successfully reloaded assembly
- Completed reload, in  0.984 seconds
Platform modules already initialized, skipping
Refreshing native plugins compatible for Editor in 0.44 ms, found 0 plugins.
Preloading 0 native plugins for Editor in 0.00 ms.
Unloading 1645 Unused Serialized files (Serialized files now loaded: 0)
System memory in use before: 96.3 MB.
System memory in use after: 95.4 MB.

Unloading 14 unused Assets to reduce memory usage. Loaded Objects now: 2183.
Total: 2.620700 ms (FindLiveObjects: 0.211600 ms CreateObjectMapping: 0.091300 ms MarkObjects: 1.476400 ms  DeleteObjects: 0.839800 ms)

AssetImportWorkerClient::OnTransportError - code=2 error=End of file
